<?xml version="1.0" encoding="UTF-8"?>
<testsuite name="게시판 생성 &amp; 승인 관련 테스트" tests="1" skipped="0" failures="0" errors="0" timestamp="2024-04-01T13:25:43" hostname="itaehuiui-Macmini.local" time="0.378">
  <properties/>
  <testcase name="현재 게시판 목록을 조회한다. 허용여부가 false라면 조회하지 않는다." classname="com.community.controller.BoardControllerTest" time="0.378"/>
  <system-out><![CDATA[22:25:40.883 [Test worker] INFO org.springframework.test.context.support.AnnotationConfigContextLoaderUtils -- Could not detect default configuration classes for test class [com.community.controller.BoardControllerTest]: BoardControllerTest does not declare any static, non-private, non-final, nested classes annotated with @Configuration.
22:25:40.934 [Test worker] INFO org.springframework.boot.test.context.SpringBootTestContextBootstrapper -- Found @SpringBootConfiguration com.community.CommunityApplication for test class com.community.controller.BoardControllerTest

  .   ____          _            __ _ _
 /\\ / ___'_ __ _ _(_)_ __  __ _ \ \ \ \
( ( )\___ | '_ | '_| | '_ \/ _` | \ \ \ \
 \\/  ___)| |_)| | | | | || (_| |  ) ) ) )
  '  |____| .__|_| |_|_| |_\__, | / / / /
 =========|_|==============|___/=/_/_/_/
 :: Spring Boot ::                (v3.2.4)

2024-04-01T22:25:41.076+09:00  INFO 62821 --- [community] [    Test worker] c.c.controller.BoardControllerTest       : Starting BoardControllerTest using Java 21.0.2 with PID 62821 (started by itaehui in /Users/itaehui/IdeaProjects/ormi-community)
2024-04-01T22:25:41.077+09:00  INFO 62821 --- [community] [    Test worker] c.c.controller.BoardControllerTest       : No active profile set, falling back to 1 default profile: "default"
2024-04-01T22:25:41.379+09:00  INFO 62821 --- [community] [    Test worker] .s.d.r.c.RepositoryConfigurationDelegate : Bootstrapping Spring Data JPA repositories in DEFAULT mode.
2024-04-01T22:25:41.409+09:00  INFO 62821 --- [community] [    Test worker] .s.d.r.c.RepositoryConfigurationDelegate : Finished Spring Data repository scanning in 26 ms. Found 15 JPA repository interfaces.
2024-04-01T22:25:41.598+09:00  INFO 62821 --- [community] [    Test worker] com.zaxxer.hikari.HikariDataSource       : HikariPool-1 - Starting...
2024-04-01T22:25:41.688+09:00  INFO 62821 --- [community] [    Test worker] com.zaxxer.hikari.pool.HikariPool        : HikariPool-1 - Added connection org.postgresql.jdbc.PgConnection@45bbc52f
2024-04-01T22:25:41.689+09:00  INFO 62821 --- [community] [    Test worker] com.zaxxer.hikari.HikariDataSource       : HikariPool-1 - Start completed.
2024-04-01T22:25:41.710+09:00  INFO 62821 --- [community] [    Test worker] o.hibernate.jpa.internal.util.LogHelper  : HHH000204: Processing PersistenceUnitInfo [name: default]
2024-04-01T22:25:41.733+09:00  INFO 62821 --- [community] [    Test worker] org.hibernate.Version                    : HHH000412: Hibernate ORM core version 6.4.4.Final
2024-04-01T22:25:41.746+09:00  INFO 62821 --- [community] [    Test worker] o.h.c.internal.RegionFactoryInitiator    : HHH000026: Second-level cache disabled
2024-04-01T22:25:41.831+09:00  INFO 62821 --- [community] [    Test worker] o.s.o.j.p.SpringPersistenceUnitInfo      : No LoadTimeWeaver setup: ignoring JPA class transformer
2024-04-01T22:25:42.289+09:00  INFO 62821 --- [community] [    Test worker] o.h.e.t.j.p.i.JtaPlatformInitiator       : HHH000489: No JTA platform available (set 'hibernate.transaction.jta.platform' to enable JTA platform integration)
2024-04-01T22:25:42.290+09:00  INFO 62821 --- [community] [    Test worker] j.LocalContainerEntityManagerFactoryBean : Initialized JPA EntityManagerFactory for persistence unit 'default'
2024-04-01T22:25:42.477+09:00  INFO 62821 --- [community] [    Test worker] o.s.d.j.r.query.QueryEnhancerFactory     : Hibernate is in classpath; If applicable, HQL parser will be used.
2024-04-01T22:25:42.725+09:00  WARN 62821 --- [community] [    Test worker] JpaBaseConfiguration$JpaWebConfiguration : spring.jpa.open-in-view is enabled by default. Therefore, database queries may be performed during view rendering. Explicitly configure spring.jpa.open-in-view to disable this warning
2024-04-01T22:25:42.735+09:00 TRACE 62821 --- [community] [    Test worker] eGlobalAuthenticationAutowiredConfigurer : Eagerly initializing {org.springframework.boot.autoconfigure.security.servlet.SpringBootWebSecurityConfiguration$WebSecurityEnablerConfiguration=org.springframework.boot.autoconfigure.security.servlet.SpringBootWebSecurityConfiguration$WebSecurityEnablerConfiguration@6e620fa9}
2024-04-01T22:25:42.853+09:00  INFO 62821 --- [community] [    Test worker] o.s.s.web.DefaultSecurityFilterChain     : Will secure any request with [org.springframework.security.web.session.DisableEncodeUrlFilter@3606c525, org.springframework.security.web.context.request.async.WebAsyncManagerIntegrationFilter@4b6abf4e, org.springframework.security.web.context.SecurityContextHolderFilter@2ca9e25a, org.springframework.security.web.header.HeaderWriterFilter@76d1acf9, org.springframework.web.filter.CorsFilter@27959922, org.springframework.security.web.authentication.logout.LogoutFilter@57e6f449, org.springframework.security.web.savedrequest.RequestCacheAwareFilter@32b5b8f8, org.springframework.security.web.servletapi.SecurityContextHolderAwareRequestFilter@205efdfc, org.springframework.security.web.authentication.AnonymousAuthenticationFilter@794daa09, org.springframework.security.web.access.ExceptionTranslationFilter@5b3f0552, org.springframework.security.web.access.intercept.AuthorizationFilter@237bdd46]
2024-04-01T22:25:42.854+09:00  INFO 62821 --- [community] [    Test worker] com.community.config.SecurityConfig      : --------------------------web configure----------------------------
2024-04-01T22:25:43.061+09:00  WARN 62821 --- [community] [    Test worker] o.s.s.c.a.web.builders.WebSecurity       : You are asking Spring Security to ignore Ant [pattern='/v3/**']. This is not recommended -- please use permitAll via HttpSecurity#authorizeHttpRequests instead.
2024-04-01T22:25:43.061+09:00  INFO 62821 --- [community] [    Test worker] o.s.s.web.DefaultSecurityFilterChain     : Will not secure Ant [pattern='/v3/**']
2024-04-01T22:25:43.061+09:00  WARN 62821 --- [community] [    Test worker] o.s.s.c.a.web.builders.WebSecurity       : You are asking Spring Security to ignore Ant [pattern='/static/**']. This is not recommended -- please use permitAll via HttpSecurity#authorizeHttpRequests instead.
2024-04-01T22:25:43.061+09:00  INFO 62821 --- [community] [    Test worker] o.s.s.web.DefaultSecurityFilterChain     : Will not secure Ant [pattern='/static/**']
2024-04-01T22:25:43.061+09:00  WARN 62821 --- [community] [    Test worker] o.s.s.c.a.web.builders.WebSecurity       : You are asking Spring Security to ignore Ant [pattern='/swagger-ui/**']. This is not recommended -- please use permitAll via HttpSecurity#authorizeHttpRequests instead.
2024-04-01T22:25:43.061+09:00  INFO 62821 --- [community] [    Test worker] o.s.s.web.DefaultSecurityFilterChain     : Will not secure Ant [pattern='/swagger-ui/**']
2024-04-01T22:25:43.061+09:00  WARN 62821 --- [community] [    Test worker] o.s.s.c.a.web.builders.WebSecurity       : You are asking Spring Security to ignore Ant [pattern='/v3/api-docs/**']. This is not recommended -- please use permitAll via HttpSecurity#authorizeHttpRequests instead.
2024-04-01T22:25:43.061+09:00  INFO 62821 --- [community] [    Test worker] o.s.s.web.DefaultSecurityFilterChain     : Will not secure Ant [pattern='/v3/api-docs/**']
2024-04-01T22:25:43.061+09:00  WARN 62821 --- [community] [    Test worker] o.s.s.c.a.web.builders.WebSecurity       : You are asking Spring Security to ignore Ant [pattern='/swagger-ui.html']. This is not recommended -- please use permitAll via HttpSecurity#authorizeHttpRequests instead.
2024-04-01T22:25:43.061+09:00  INFO 62821 --- [community] [    Test worker] o.s.s.web.DefaultSecurityFilterChain     : Will not secure Ant [pattern='/swagger-ui.html']
2024-04-01T22:25:43.061+09:00  WARN 62821 --- [community] [    Test worker] o.s.s.c.a.web.builders.WebSecurity       : You are asking Spring Security to ignore org.springframework.boot.autoconfigure.security.servlet.StaticResourceRequest$StaticResourceRequestMatcher@623e578b. This is not recommended -- please use permitAll via HttpSecurity#authorizeHttpRequests instead.
2024-04-01T22:25:43.062+09:00  INFO 62821 --- [community] [    Test worker] o.s.s.web.DefaultSecurityFilterChain     : Will not secure org.springframework.boot.autoconfigure.security.servlet.StaticResourceRequest$StaticResourceRequestMatcher@623e578b
2024-04-01T22:25:43.082+09:00  INFO 62821 --- [community] [    Test worker] o.s.b.t.m.w.SpringBootMockServletContext : Initializing Spring TestDispatcherServlet ''
2024-04-01T22:25:43.082+09:00  INFO 62821 --- [community] [    Test worker] o.s.t.web.servlet.TestDispatcherServlet  : Initializing Servlet ''
2024-04-01T22:25:43.082+09:00  INFO 62821 --- [community] [    Test worker] o.s.t.web.servlet.TestDispatcherServlet  : Completed initialization in 0 ms
2024-04-01T22:25:43.093+09:00  INFO 62821 --- [community] [    Test worker] c.c.controller.BoardControllerTest       : Started BoardControllerTest in 2.109 seconds (process running for 2.567)
2024-04-01T22:25:43.382+09:00  INFO 62821 --- [community] [    Test worker] o.s.b.t.m.w.SpringBootMockServletContext : Initializing Spring TestDispatcherServlet ''
2024-04-01T22:25:43.382+09:00  INFO 62821 --- [community] [    Test worker] o.s.t.web.servlet.TestDispatcherServlet  : Initializing Servlet ''
2024-04-01T22:25:43.382+09:00  INFO 62821 --- [community] [    Test worker] o.s.t.web.servlet.TestDispatcherServlet  : Completed initialization in 0 ms
Hibernate: 
    select
        b1_0.board_id,
        b1_0.commu_board_request_approve,
        b1_0.board_create_date,
        b1_0.board_name,
        b1_0.com_id,
        b1_0.industry_id,
        b1_0.board_creator,
        b1_0.board_requester 
    from
        board b1_0 
    where
        b1_0.commu_board_request_approve=true
Hibernate: 
    select
        c1_0.com_id,
        c1_0.com_name,
        c1_0.reg_num 
    from
        companies c1_0 
    where
        c1_0.com_id=?
Hibernate: 
    select
        i1_0.industry_id,
        i1_0.industry_description,
        i1_0.industry_name 
    from
        industry i1_0 
    where
        i1_0.industry_id=?
Hibernate: 
    select
        m1_0.member_id,
        m1_0.create_date,
        m1_0.email,
        m1_0.find_password_answer,
        m1_0.gender,
        m1_0.authority_id,
        mr1_0.authority_id,
        mr1_0.authority_name,
        m1_0.mod_date,
        m1_0.name,
        m1_0.nickname,
        m1_0.password,
        m1_0.password_question_id,
        pq1_0.password_question_id,
        pq1_0.question,
        m1_0.phone,
        m1_0.withdrawal 
    from
        member m1_0 
    join
        member_role mr1_0 
            on mr1_0.authority_id=m1_0.authority_id 
    join
        password_question pq1_0 
            on pq1_0.password_question_id=m1_0.password_question_id 
    where
        m1_0.member_id=?

MockHttpServletRequest:
      HTTP Method = GET
      Request URI = /board
       Parameters = {}
          Headers = []
             Body = <no character encoding set>
    Session Attrs = {}

Handler:
             Type = com.community.controller.BoardController
           Method = com.community.controller.BoardController#searchBoard()

Async:
    Async started = false
     Async result = null

Resolved Exception:
             Type = null

ModelAndView:
        View name = null
             View = null
            Model = null

FlashMap:
       Attributes = null

MockHttpServletResponse:
           Status = 200
    Error message = null
          Headers = [Content-Type:"application/json"]
     Content type = application/json
             Body = [{"boardId":"d5922367-7247-4d08-804a-e0ccd3ed1659","boardName":"이스트소프트3","comName":"카카오"},{"boardId":"2bd263da-2824-4f62-b441-b1180062f0a1","boardName":"이스트소프트2","comName":""}]
    Forwarded URL = null
   Redirected URL = null
          Cookies = []
]]></system-out>
  <system-err><![CDATA[WARNING: A Java agent has been loaded dynamically (/Users/itaehui/.gradle/caches/modules-2/files-2.1/net.bytebuddy/byte-buddy-agent/1.14.12/be4984cb6fd1ef1d11f218a648889dfda44b8a15/byte-buddy-agent-1.14.12.jar)
WARNING: If a serviceability tool is in use, please run with -XX:+EnableDynamicAgentLoading to hide this warning
WARNING: If a serviceability tool is not in use, please run with -Djdk.instrument.traceUsage for more information
WARNING: Dynamic loading of agents will be disallowed by default in a future release
]]></system-err>
</testsuite>
