<?xml version="1.0" encoding="UTF-8"?>
<testsuite name="com.community.controller.IndustryControllerTest" tests="1" skipped="0" failures="0" errors="0" timestamp="2024-03-29T08:40:43" hostname="leetaehees-MacBook-Pro.local" time="0.343">
  <properties/>
  <testcase name="업종을 프론트에게 정상적으로 넘겨주는지 확인" classname="com.community.controller.IndustryControllerTest" time="0.343"/>
  <system-out><![CDATA[17:40:41.038 [Test worker] INFO org.springframework.test.context.support.AnnotationConfigContextLoaderUtils -- Could not detect default configuration classes for test class [com.community.controller.IndustryControllerTest]: IndustryControllerTest does not declare any static, non-private, non-final, nested classes annotated with @Configuration.
17:40:41.084 [Test worker] INFO org.springframework.boot.test.context.SpringBootTestContextBootstrapper -- Found @SpringBootConfiguration com.community.CommunityApplication for test class com.community.controller.IndustryControllerTest

  .   ____          _            __ _ _
 /\\ / ___'_ __ _ _(_)_ __  __ _ \ \ \ \
( ( )\___ | '_ | '_| | '_ \/ _` | \ \ \ \
 \\/  ___)| |_)| | | | | || (_| |  ) ) ) )
  '  |____| .__|_| |_|_| |_\__, | / / / /
 =========|_|==============|___/=/_/_/_/
 :: Spring Boot ::                (v3.2.4)

2024-03-29T17:40:41.213+09:00  INFO 95151 --- [community] [    Test worker] c.c.controller.IndustryControllerTest    : Starting IndustryControllerTest using Java 21.0.2 with PID 95151 (started by lth in /Users/lth/IdeaProjects/ormi-community)
2024-03-29T17:40:41.213+09:00  INFO 95151 --- [community] [    Test worker] c.c.controller.IndustryControllerTest    : No active profile set, falling back to 1 default profile: "default"
2024-03-29T17:40:41.474+09:00  INFO 95151 --- [community] [    Test worker] .s.d.r.c.RepositoryConfigurationDelegate : Bootstrapping Spring Data JPA repositories in DEFAULT mode.
2024-03-29T17:40:41.500+09:00  INFO 95151 --- [community] [    Test worker] .s.d.r.c.RepositoryConfigurationDelegate : Finished Spring Data repository scanning in 23 ms. Found 15 JPA repository interfaces.
2024-03-29T17:40:41.668+09:00  INFO 95151 --- [community] [    Test worker] com.zaxxer.hikari.HikariDataSource       : HikariPool-1 - Starting...
2024-03-29T17:40:41.756+09:00  INFO 95151 --- [community] [    Test worker] com.zaxxer.hikari.pool.HikariPool        : HikariPool-1 - Added connection org.postgresql.jdbc.PgConnection@4e958f08
2024-03-29T17:40:41.756+09:00  INFO 95151 --- [community] [    Test worker] com.zaxxer.hikari.HikariDataSource       : HikariPool-1 - Start completed.
2024-03-29T17:40:41.777+09:00  INFO 95151 --- [community] [    Test worker] o.hibernate.jpa.internal.util.LogHelper  : HHH000204: Processing PersistenceUnitInfo [name: default]
2024-03-29T17:40:41.796+09:00  INFO 95151 --- [community] [    Test worker] org.hibernate.Version                    : HHH000412: Hibernate ORM core version 6.4.4.Final
2024-03-29T17:40:41.808+09:00  INFO 95151 --- [community] [    Test worker] o.h.c.internal.RegionFactoryInitiator    : HHH000026: Second-level cache disabled
2024-03-29T17:40:41.884+09:00  INFO 95151 --- [community] [    Test worker] o.s.o.j.p.SpringPersistenceUnitInfo      : No LoadTimeWeaver setup: ignoring JPA class transformer
2024-03-29T17:40:42.289+09:00  INFO 95151 --- [community] [    Test worker] o.h.e.t.j.p.i.JtaPlatformInitiator       : HHH000489: No JTA platform available (set 'hibernate.transaction.jta.platform' to enable JTA platform integration)
2024-03-29T17:40:42.290+09:00  INFO 95151 --- [community] [    Test worker] j.LocalContainerEntityManagerFactoryBean : Initialized JPA EntityManagerFactory for persistence unit 'default'
2024-03-29T17:40:42.401+09:00  INFO 95151 --- [community] [    Test worker] o.s.d.j.r.query.QueryEnhancerFactory     : Hibernate is in classpath; If applicable, HQL parser will be used.
2024-03-29T17:40:42.661+09:00  WARN 95151 --- [community] [    Test worker] JpaBaseConfiguration$JpaWebConfiguration : spring.jpa.open-in-view is enabled by default. Therefore, database queries may be performed during view rendering. Explicitly configure spring.jpa.open-in-view to disable this warning
2024-03-29T17:40:42.672+09:00 TRACE 95151 --- [community] [    Test worker] eGlobalAuthenticationAutowiredConfigurer : Eagerly initializing {org.springframework.boot.autoconfigure.security.servlet.SpringBootWebSecurityConfiguration$WebSecurityEnablerConfiguration=org.springframework.boot.autoconfigure.security.servlet.SpringBootWebSecurityConfiguration$WebSecurityEnablerConfiguration@3de507af}
2024-03-29T17:40:42.779+09:00  INFO 95151 --- [community] [    Test worker] o.s.s.web.DefaultSecurityFilterChain     : Will secure any request with [org.springframework.security.web.session.DisableEncodeUrlFilter@15d04c41, org.springframework.security.web.context.request.async.WebAsyncManagerIntegrationFilter@2968d3c0, org.springframework.security.web.context.SecurityContextHolderFilter@3d587c73, org.springframework.security.web.header.HeaderWriterFilter@2c6c6b7b, org.springframework.web.filter.CorsFilter@4290332d, org.springframework.security.web.authentication.logout.LogoutFilter@41a940a9, org.springframework.security.web.savedrequest.RequestCacheAwareFilter@776eb512, org.springframework.security.web.servletapi.SecurityContextHolderAwareRequestFilter@4ba29b51, org.springframework.security.web.authentication.AnonymousAuthenticationFilter@740ddb41, org.springframework.security.web.access.ExceptionTranslationFilter@39e0fe23, org.springframework.security.web.access.intercept.AuthorizationFilter@74c919b2]
2024-03-29T17:40:42.780+09:00  INFO 95151 --- [community] [    Test worker] com.community.config.SecurityConfig      : --------------------------web configure----------------------------
2024-03-29T17:40:42.976+09:00  WARN 95151 --- [community] [    Test worker] o.s.s.c.a.web.builders.WebSecurity       : You are asking Spring Security to ignore Ant [pattern='/v3/**']. This is not recommended -- please use permitAll via HttpSecurity#authorizeHttpRequests instead.
2024-03-29T17:40:42.977+09:00  INFO 95151 --- [community] [    Test worker] o.s.s.web.DefaultSecurityFilterChain     : Will not secure Ant [pattern='/v3/**']
2024-03-29T17:40:42.978+09:00  WARN 95151 --- [community] [    Test worker] o.s.s.c.a.web.builders.WebSecurity       : You are asking Spring Security to ignore Ant [pattern='/static/**']. This is not recommended -- please use permitAll via HttpSecurity#authorizeHttpRequests instead.
2024-03-29T17:40:42.978+09:00  INFO 95151 --- [community] [    Test worker] o.s.s.web.DefaultSecurityFilterChain     : Will not secure Ant [pattern='/static/**']
2024-03-29T17:40:42.978+09:00  WARN 95151 --- [community] [    Test worker] o.s.s.c.a.web.builders.WebSecurity       : You are asking Spring Security to ignore Ant [pattern='/swagger-ui/**']. This is not recommended -- please use permitAll via HttpSecurity#authorizeHttpRequests instead.
2024-03-29T17:40:42.978+09:00  INFO 95151 --- [community] [    Test worker] o.s.s.web.DefaultSecurityFilterChain     : Will not secure Ant [pattern='/swagger-ui/**']
2024-03-29T17:40:42.978+09:00  WARN 95151 --- [community] [    Test worker] o.s.s.c.a.web.builders.WebSecurity       : You are asking Spring Security to ignore Ant [pattern='/v3/api-docs/**']. This is not recommended -- please use permitAll via HttpSecurity#authorizeHttpRequests instead.
2024-03-29T17:40:42.978+09:00  INFO 95151 --- [community] [    Test worker] o.s.s.web.DefaultSecurityFilterChain     : Will not secure Ant [pattern='/v3/api-docs/**']
2024-03-29T17:40:42.978+09:00  WARN 95151 --- [community] [    Test worker] o.s.s.c.a.web.builders.WebSecurity       : You are asking Spring Security to ignore Ant [pattern='/swagger-ui.html']. This is not recommended -- please use permitAll via HttpSecurity#authorizeHttpRequests instead.
2024-03-29T17:40:42.978+09:00  INFO 95151 --- [community] [    Test worker] o.s.s.web.DefaultSecurityFilterChain     : Will not secure Ant [pattern='/swagger-ui.html']
2024-03-29T17:40:42.978+09:00  WARN 95151 --- [community] [    Test worker] o.s.s.c.a.web.builders.WebSecurity       : You are asking Spring Security to ignore org.springframework.boot.autoconfigure.security.servlet.StaticResourceRequest$StaticResourceRequestMatcher@4a9a0d9d. This is not recommended -- please use permitAll via HttpSecurity#authorizeHttpRequests instead.
2024-03-29T17:40:42.978+09:00  INFO 95151 --- [community] [    Test worker] o.s.s.web.DefaultSecurityFilterChain     : Will not secure org.springframework.boot.autoconfigure.security.servlet.StaticResourceRequest$StaticResourceRequestMatcher@4a9a0d9d
2024-03-29T17:40:42.997+09:00  INFO 95151 --- [community] [    Test worker] o.s.b.t.m.w.SpringBootMockServletContext : Initializing Spring TestDispatcherServlet ''
2024-03-29T17:40:42.997+09:00  INFO 95151 --- [community] [    Test worker] o.s.t.web.servlet.TestDispatcherServlet  : Initializing Servlet ''
2024-03-29T17:40:42.998+09:00  INFO 95151 --- [community] [    Test worker] o.s.t.web.servlet.TestDispatcherServlet  : Completed initialization in 0 ms
2024-03-29T17:40:43.008+09:00  INFO 95151 --- [community] [    Test worker] c.c.controller.IndustryControllerTest    : Started IndustryControllerTest in 1.879 seconds (process running for 2.278)
2024-03-29T17:40:43.275+09:00  INFO 95151 --- [community] [    Test worker] o.s.b.t.m.w.SpringBootMockServletContext : Initializing Spring TestDispatcherServlet ''
2024-03-29T17:40:43.275+09:00  INFO 95151 --- [community] [    Test worker] o.s.t.web.servlet.TestDispatcherServlet  : Initializing Servlet ''
2024-03-29T17:40:43.275+09:00  INFO 95151 --- [community] [    Test worker] o.s.t.web.servlet.TestDispatcherServlet  : Completed initialization in 0 ms
Hibernate: 
    select
        i1_0.industry_id,
        i1_0.industry_description,
        i1_0.industry_name 
    from
        industry i1_0
2024-03-29T17:40:43.329+09:00  INFO 95151 --- [community] [    Test worker] c.c.controller.IndustryController        : tmep=[IndustryResponse(value=aedfa58f-3b2e-4216-ba6f-ab9188b7161a, title=awefoi)]

MockHttpServletRequest:
      HTTP Method = GET
      Request URI = /industry
       Parameters = {}
          Headers = [Content-Type:"application/json"]
             Body = <no character encoding set>
    Session Attrs = {}

Handler:
             Type = com.community.controller.IndustryController
           Method = com.community.controller.IndustryController#searchIndustry()

Async:
    Async started = false
     Async result = null

Resolved Exception:
             Type = null

ModelAndView:
        View name = null
             View = null
            Model = null

FlashMap:
       Attributes = null

MockHttpServletResponse:
           Status = 200
    Error message = null
          Headers = [Content-Type:"application/json"]
     Content type = application/json
             Body = [{"value":"aedfa58f-3b2e-4216-ba6f-ab9188b7161a","title":"awefoi"}]
    Forwarded URL = null
   Redirected URL = null
          Cookies = []
]]></system-out>
  <system-err><![CDATA[WARNING: A Java agent has been loaded dynamically (/Users/lth/.gradle/caches/modules-2/files-2.1/net.bytebuddy/byte-buddy-agent/1.14.12/be4984cb6fd1ef1d11f218a648889dfda44b8a15/byte-buddy-agent-1.14.12.jar)
WARNING: If a serviceability tool is in use, please run with -XX:+EnableDynamicAgentLoading to hide this warning
WARNING: If a serviceability tool is not in use, please run with -Djdk.instrument.traceUsage for more information
WARNING: Dynamic loading of agents will be disallowed by default in a future release
]]></system-err>
</testsuite>
