<?xml version="1.0" encoding="UTF-8"?>
<testsuite name="게시판 생성 &amp; 승인 관련 테스트" tests="1" skipped="0" failures="0" errors="0" timestamp="2024-04-01T07:40:31" hostname="itaehuiui-Macmini.local" time="0.444">
  <properties/>
  <testcase name="회사 참조 중복 여부 확인" classname="com.community.controller.BoardControllerTest" time="0.444"/>
  <system-out><![CDATA[16:40:29.553 [Test worker] INFO org.springframework.test.context.support.AnnotationConfigContextLoaderUtils -- Could not detect default configuration classes for test class [com.community.controller.BoardControllerTest]: BoardControllerTest does not declare any static, non-private, non-final, nested classes annotated with @Configuration.
16:40:29.603 [Test worker] INFO org.springframework.boot.test.context.SpringBootTestContextBootstrapper -- Found @SpringBootConfiguration com.community.CommunityApplication for test class com.community.controller.BoardControllerTest

  .   ____          _            __ _ _
 /\\ / ___'_ __ _ _(_)_ __  __ _ \ \ \ \
( ( )\___ | '_ | '_| | '_ \/ _` | \ \ \ \
 \\/  ___)| |_)| | | | | || (_| |  ) ) ) )
  '  |____| .__|_| |_|_| |_\__, | / / / /
 =========|_|==============|___/=/_/_/_/
 :: Spring Boot ::                (v3.2.4)

2024-04-01T16:40:29.751+09:00  INFO 22259 --- [community] [    Test worker] c.c.controller.BoardControllerTest       : Starting BoardControllerTest using Java 21.0.2 with PID 22259 (started by itaehui in /Users/itaehui/IdeaProjects/ormi-community)
2024-04-01T16:40:29.752+09:00  INFO 22259 --- [community] [    Test worker] c.c.controller.BoardControllerTest       : No active profile set, falling back to 1 default profile: "default"
2024-04-01T16:40:30.047+09:00  INFO 22259 --- [community] [    Test worker] .s.d.r.c.RepositoryConfigurationDelegate : Bootstrapping Spring Data JPA repositories in DEFAULT mode.
2024-04-01T16:40:30.077+09:00  INFO 22259 --- [community] [    Test worker] .s.d.r.c.RepositoryConfigurationDelegate : Finished Spring Data repository scanning in 27 ms. Found 15 JPA repository interfaces.
2024-04-01T16:40:30.266+09:00  INFO 22259 --- [community] [    Test worker] com.zaxxer.hikari.HikariDataSource       : HikariPool-1 - Starting...
2024-04-01T16:40:30.353+09:00  INFO 22259 --- [community] [    Test worker] com.zaxxer.hikari.pool.HikariPool        : HikariPool-1 - Added connection org.postgresql.jdbc.PgConnection@4c635edc
2024-04-01T16:40:30.353+09:00  INFO 22259 --- [community] [    Test worker] com.zaxxer.hikari.HikariDataSource       : HikariPool-1 - Start completed.
2024-04-01T16:40:30.374+09:00  INFO 22259 --- [community] [    Test worker] o.hibernate.jpa.internal.util.LogHelper  : HHH000204: Processing PersistenceUnitInfo [name: default]
2024-04-01T16:40:30.398+09:00  INFO 22259 --- [community] [    Test worker] org.hibernate.Version                    : HHH000412: Hibernate ORM core version 6.4.4.Final
2024-04-01T16:40:30.410+09:00  INFO 22259 --- [community] [    Test worker] o.h.c.internal.RegionFactoryInitiator    : HHH000026: Second-level cache disabled
2024-04-01T16:40:30.495+09:00  INFO 22259 --- [community] [    Test worker] o.s.o.j.p.SpringPersistenceUnitInfo      : No LoadTimeWeaver setup: ignoring JPA class transformer
2024-04-01T16:40:30.942+09:00  INFO 22259 --- [community] [    Test worker] o.h.e.t.j.p.i.JtaPlatformInitiator       : HHH000489: No JTA platform available (set 'hibernate.transaction.jta.platform' to enable JTA platform integration)
2024-04-01T16:40:30.943+09:00  INFO 22259 --- [community] [    Test worker] j.LocalContainerEntityManagerFactoryBean : Initialized JPA EntityManagerFactory for persistence unit 'default'
2024-04-01T16:40:31.134+09:00  INFO 22259 --- [community] [    Test worker] o.s.d.j.r.query.QueryEnhancerFactory     : Hibernate is in classpath; If applicable, HQL parser will be used.
2024-04-01T16:40:31.377+09:00  WARN 22259 --- [community] [    Test worker] JpaBaseConfiguration$JpaWebConfiguration : spring.jpa.open-in-view is enabled by default. Therefore, database queries may be performed during view rendering. Explicitly configure spring.jpa.open-in-view to disable this warning
2024-04-01T16:40:31.387+09:00 TRACE 22259 --- [community] [    Test worker] eGlobalAuthenticationAutowiredConfigurer : Eagerly initializing {org.springframework.boot.autoconfigure.security.servlet.SpringBootWebSecurityConfiguration$WebSecurityEnablerConfiguration=org.springframework.boot.autoconfigure.security.servlet.SpringBootWebSecurityConfiguration$WebSecurityEnablerConfiguration@3f808ad9}
2024-04-01T16:40:31.513+09:00  INFO 22259 --- [community] [    Test worker] o.s.s.web.DefaultSecurityFilterChain     : Will secure any request with [org.springframework.security.web.session.DisableEncodeUrlFilter@2ab4c4e, org.springframework.security.web.context.request.async.WebAsyncManagerIntegrationFilter@1cad8bce, org.springframework.security.web.context.SecurityContextHolderFilter@4b20b431, org.springframework.security.web.header.HeaderWriterFilter@57ab5033, org.springframework.web.filter.CorsFilter@ba77dc6, org.springframework.security.web.authentication.logout.LogoutFilter@1925b113, org.springframework.security.web.savedrequest.RequestCacheAwareFilter@5b3f0552, org.springframework.security.web.servletapi.SecurityContextHolderAwareRequestFilter@432fca40, org.springframework.security.web.authentication.AnonymousAuthenticationFilter@14f05ca0, org.springframework.security.web.access.ExceptionTranslationFilter@4f7b4953, org.springframework.security.web.access.intercept.AuthorizationFilter@3a649f9a]
2024-04-01T16:40:31.513+09:00  INFO 22259 --- [community] [    Test worker] com.community.config.SecurityConfig      : --------------------------web configure----------------------------
2024-04-01T16:40:31.722+09:00  WARN 22259 --- [community] [    Test worker] o.s.s.c.a.web.builders.WebSecurity       : You are asking Spring Security to ignore Ant [pattern='/v3/**']. This is not recommended -- please use permitAll via HttpSecurity#authorizeHttpRequests instead.
2024-04-01T16:40:31.723+09:00  INFO 22259 --- [community] [    Test worker] o.s.s.web.DefaultSecurityFilterChain     : Will not secure Ant [pattern='/v3/**']
2024-04-01T16:40:31.723+09:00  WARN 22259 --- [community] [    Test worker] o.s.s.c.a.web.builders.WebSecurity       : You are asking Spring Security to ignore Ant [pattern='/static/**']. This is not recommended -- please use permitAll via HttpSecurity#authorizeHttpRequests instead.
2024-04-01T16:40:31.723+09:00  INFO 22259 --- [community] [    Test worker] o.s.s.web.DefaultSecurityFilterChain     : Will not secure Ant [pattern='/static/**']
2024-04-01T16:40:31.723+09:00  WARN 22259 --- [community] [    Test worker] o.s.s.c.a.web.builders.WebSecurity       : You are asking Spring Security to ignore Ant [pattern='/swagger-ui/**']. This is not recommended -- please use permitAll via HttpSecurity#authorizeHttpRequests instead.
2024-04-01T16:40:31.723+09:00  INFO 22259 --- [community] [    Test worker] o.s.s.web.DefaultSecurityFilterChain     : Will not secure Ant [pattern='/swagger-ui/**']
2024-04-01T16:40:31.723+09:00  WARN 22259 --- [community] [    Test worker] o.s.s.c.a.web.builders.WebSecurity       : You are asking Spring Security to ignore Ant [pattern='/v3/api-docs/**']. This is not recommended -- please use permitAll via HttpSecurity#authorizeHttpRequests instead.
2024-04-01T16:40:31.723+09:00  INFO 22259 --- [community] [    Test worker] o.s.s.web.DefaultSecurityFilterChain     : Will not secure Ant [pattern='/v3/api-docs/**']
2024-04-01T16:40:31.723+09:00  WARN 22259 --- [community] [    Test worker] o.s.s.c.a.web.builders.WebSecurity       : You are asking Spring Security to ignore Ant [pattern='/swagger-ui.html']. This is not recommended -- please use permitAll via HttpSecurity#authorizeHttpRequests instead.
2024-04-01T16:40:31.723+09:00  INFO 22259 --- [community] [    Test worker] o.s.s.web.DefaultSecurityFilterChain     : Will not secure Ant [pattern='/swagger-ui.html']
2024-04-01T16:40:31.723+09:00  WARN 22259 --- [community] [    Test worker] o.s.s.c.a.web.builders.WebSecurity       : You are asking Spring Security to ignore org.springframework.boot.autoconfigure.security.servlet.StaticResourceRequest$StaticResourceRequestMatcher@7fe1a856. This is not recommended -- please use permitAll via HttpSecurity#authorizeHttpRequests instead.
2024-04-01T16:40:31.723+09:00  INFO 22259 --- [community] [    Test worker] o.s.s.web.DefaultSecurityFilterChain     : Will not secure org.springframework.boot.autoconfigure.security.servlet.StaticResourceRequest$StaticResourceRequestMatcher@7fe1a856
2024-04-01T16:40:31.744+09:00  INFO 22259 --- [community] [    Test worker] o.s.b.t.m.w.SpringBootMockServletContext : Initializing Spring TestDispatcherServlet ''
2024-04-01T16:40:31.744+09:00  INFO 22259 --- [community] [    Test worker] o.s.t.web.servlet.TestDispatcherServlet  : Initializing Servlet ''
2024-04-01T16:40:31.745+09:00  INFO 22259 --- [community] [    Test worker] o.s.t.web.servlet.TestDispatcherServlet  : Completed initialization in 1 ms
2024-04-01T16:40:31.755+09:00  INFO 22259 --- [community] [    Test worker] c.c.controller.BoardControllerTest       : Started BoardControllerTest in 2.098 seconds (process running for 2.551)
2024-04-01T16:40:32.042+09:00  INFO 22259 --- [community] [    Test worker] o.s.b.t.m.w.SpringBootMockServletContext : Initializing Spring TestDispatcherServlet ''
2024-04-01T16:40:32.042+09:00  INFO 22259 --- [community] [    Test worker] o.s.t.web.servlet.TestDispatcherServlet  : Initializing Servlet ''
2024-04-01T16:40:32.042+09:00  INFO 22259 --- [community] [    Test worker] o.s.t.web.servlet.TestDispatcherServlet  : Completed initialization in 0 ms
Hibernate: 
    select
        i1_0.industry_id,
        i1_0.industry_description,
        i1_0.industry_name 
    from
        industry i1_0
Hibernate: 
    select
        c1_0.com_id,
        c1_0.com_name,
        c1_0.reg_num 
    from
        companies c1_0
Hibernate: 
    select
        m1_0.member_id,
        m1_0.create_date,
        m1_0.email,
        m1_0.find_password_answer,
        m1_0.gender,
        m1_0.authority_id,
        m1_0.mod_date,
        m1_0.name,
        m1_0.nickname,
        m1_0.password,
        m1_0.password_question_id,
        m1_0.phone,
        m1_0.withdrawal 
    from
        member m1_0
Hibernate: 
    select
        mr1_0.authority_id,
        mr1_0.authority_name 
    from
        member_role mr1_0 
    where
        mr1_0.authority_id=?
Hibernate: 
    select
        pq1_0.password_question_id,
        pq1_0.question 
    from
        password_question pq1_0 
    where
        pq1_0.password_question_id=?
Hibernate: 
    select
        i1_0.industry_id,
        i1_0.industry_description,
        i1_0.industry_name 
    from
        industry i1_0 
    where
        i1_0.industry_id=?
Hibernate: 
    select
        c1_0.com_id,
        c1_0.com_name,
        c1_0.reg_num 
    from
        companies c1_0 
    where
        c1_0.com_id=?
Hibernate: 
    select
        m1_0.member_id,
        m1_0.create_date,
        m1_0.email,
        m1_0.find_password_answer,
        m1_0.gender,
        m1_0.authority_id,
        mr1_0.authority_id,
        mr1_0.authority_name,
        m1_0.mod_date,
        m1_0.name,
        m1_0.nickname,
        m1_0.password,
        m1_0.password_question_id,
        pq1_0.password_question_id,
        pq1_0.question,
        m1_0.phone,
        m1_0.withdrawal 
    from
        member m1_0 
    join
        member_role mr1_0 
            on mr1_0.authority_id=m1_0.authority_id 
    join
        password_question pq1_0 
            on pq1_0.password_question_id=m1_0.password_question_id 
    where
        m1_0.member_id=?
Hibernate: 
    select
        b1_0.board_id 
    from
        board b1_0 
    where
        b1_0.board_name=? 
    fetch
        first ? rows only
Hibernate: 
    select
        b1_0.board_id 
    from
        board b1_0 
    where
        b1_0.com_id=? 
    fetch
        first ? rows only
Hibernate: 
    select
        b1_0.board_id,
        b1_0.commu_board_request_approve,
        b1_0.board_create_date,
        b1_0.board_name,
        c1_0.com_id,
        c1_0.com_name,
        c1_0.reg_num,
        i1_0.industry_id,
        i1_0.industry_description,
        i1_0.industry_name,
        ma1_0.member_id,
        ma1_0.create_date,
        ma1_0.email,
        ma1_0.find_password_answer,
        ma1_0.gender,
        ma1_0.authority_id,
        mr1_0.authority_id,
        mr1_0.authority_name,
        ma1_0.mod_date,
        ma1_0.name,
        ma1_0.nickname,
        ma1_0.password,
        ma1_0.password_question_id,
        pq1_0.password_question_id,
        pq1_0.question,
        ma1_0.phone,
        ma1_0.withdrawal,
        b1_0.board_requester,
        mu1_0.member_id,
        mu1_0.create_date,
        mu1_0.email,
        mu1_0.find_password_answer,
        mu1_0.gender,
        mu1_0.authority_id,
        mr2_0.authority_id,
        mr2_0.authority_name,
        mu1_0.mod_date,
        mu1_0.name,
        mu1_0.nickname,
        mu1_0.password,
        mu1_0.password_question_id,
        pq2_0.password_question_id,
        pq2_0.question,
        mu1_0.phone,
        mu1_0.withdrawal 
    from
        board b1_0 
    left join
        companies c1_0 
            on c1_0.com_id=b1_0.com_id 
    left join
        industry i1_0 
            on i1_0.industry_id=b1_0.industry_id 
    left join
        member ma1_0 
            on ma1_0.member_id=b1_0.board_creator 
    left join
        member_role mr1_0 
            on mr1_0.authority_id=ma1_0.authority_id 
    left join
        password_question pq1_0 
            on pq1_0.password_question_id=ma1_0.password_question_id 
    join
        member mu1_0 
            on mu1_0.member_id=b1_0.board_requester 
    left join
        member_role mr2_0 
            on mr2_0.authority_id=mu1_0.authority_id 
    left join
        password_question pq2_0 
            on pq2_0.password_question_id=mu1_0.password_question_id 
    where
        b1_0.board_id=?
Hibernate: 
    insert 
    into
        board
        (commu_board_request_approve, board_create_date, board_name, com_id, industry_id, board_creator, board_requester, board_id) 
    values
        (?, ?, ?, ?, ?, ?, ?, ?)
Hibernate: 
    select
        i1_0.industry_id,
        i1_0.industry_description,
        i1_0.industry_name 
    from
        industry i1_0 
    where
        i1_0.industry_id=?
Hibernate: 
    select
        c1_0.com_id,
        c1_0.com_name,
        c1_0.reg_num 
    from
        companies c1_0 
    where
        c1_0.com_id=?
Hibernate: 
    select
        m1_0.member_id,
        m1_0.create_date,
        m1_0.email,
        m1_0.find_password_answer,
        m1_0.gender,
        m1_0.authority_id,
        mr1_0.authority_id,
        mr1_0.authority_name,
        m1_0.mod_date,
        m1_0.name,
        m1_0.nickname,
        m1_0.password,
        m1_0.password_question_id,
        pq1_0.password_question_id,
        pq1_0.question,
        m1_0.phone,
        m1_0.withdrawal 
    from
        member m1_0 
    join
        member_role mr1_0 
            on mr1_0.authority_id=m1_0.authority_id 
    join
        password_question pq1_0 
            on pq1_0.password_question_id=m1_0.password_question_id 
    where
        m1_0.member_id=?
Hibernate: 
    select
        b1_0.board_id 
    from
        board b1_0 
    where
        b1_0.board_name=? 
    fetch
        first ? rows only
Hibernate: 
    select
        b1_0.board_id 
    from
        board b1_0 
    where
        b1_0.com_id=? 
    fetch
        first ? rows only
2024-04-01T16:40:32.196+09:00 ERROR 22259 --- [community] [    Test worker] c.c.controller.ExControllerAdvice        : [exceptionHandle] illegalExHandle

java.lang.IllegalArgumentException: 동일한 기업을 참조하는 게시판이 존재합니다.
	at com.community.service.BoardService.saveBoard(BoardService.java:54) ~[main/:na]
	at java.base/jdk.internal.reflect.DirectMethodHandleAccessor.invoke(DirectMethodHandleAccessor.java:103) ~[na:na]
	at java.base/java.lang.reflect.Method.invoke(Method.java:580) ~[na:na]
	at org.springframework.aop.support.AopUtils.invokeJoinpointUsingReflection(AopUtils.java:351) ~[spring-aop-6.1.5.jar:6.1.5]
	at org.springframework.aop.framework.ReflectiveMethodInvocation.invokeJoinpoint(ReflectiveMethodInvocation.java:196) ~[spring-aop-6.1.5.jar:6.1.5]
	at org.springframework.aop.framework.ReflectiveMethodInvocation.proceed(ReflectiveMethodInvocation.java:163) ~[spring-aop-6.1.5.jar:6.1.5]
	at org.springframework.aop.framework.CglibAopProxy$CglibMethodInvocation.proceed(CglibAopProxy.java:765) ~[spring-aop-6.1.5.jar:6.1.5]
	at org.springframework.transaction.interceptor.TransactionInterceptor$1.proceedWithInvocation(TransactionInterceptor.java:123) ~[spring-tx-6.1.5.jar:6.1.5]
	at org.springframework.transaction.interceptor.TransactionAspectSupport.invokeWithinTransaction(TransactionAspectSupport.java:392) ~[spring-tx-6.1.5.jar:6.1.5]
	at org.springframework.transaction.interceptor.TransactionInterceptor.invoke(TransactionInterceptor.java:119) ~[spring-tx-6.1.5.jar:6.1.5]
	at org.springframework.aop.framework.ReflectiveMethodInvocation.proceed(ReflectiveMethodInvocation.java:184) ~[spring-aop-6.1.5.jar:6.1.5]
	at org.springframework.aop.framework.CglibAopProxy$CglibMethodInvocation.proceed(CglibAopProxy.java:765) ~[spring-aop-6.1.5.jar:6.1.5]
	at org.springframework.aop.framework.CglibAopProxy$DynamicAdvisedInterceptor.intercept(CglibAopProxy.java:717) ~[spring-aop-6.1.5.jar:6.1.5]
	at com.community.service.BoardService$$SpringCGLIB$$0.saveBoard(<generated>) ~[main/:na]
	at com.community.controller.BoardController.requestCreateBoard(BoardController.java:23) ~[main/:na]
	at java.base/jdk.internal.reflect.DirectMethodHandleAccessor.invoke(DirectMethodHandleAccessor.java:103) ~[na:na]
	at java.base/java.lang.reflect.Method.invoke(Method.java:580) ~[na:na]
	at org.springframework.web.method.support.InvocableHandlerMethod.doInvoke(InvocableHandlerMethod.java:255) ~[spring-web-6.1.5.jar:6.1.5]
	at org.springframework.web.method.support.InvocableHandlerMethod.invokeForRequest(InvocableHandlerMethod.java:188) ~[spring-web-6.1.5.jar:6.1.5]
	at org.springframework.web.servlet.mvc.method.annotation.ServletInvocableHandlerMethod.invokeAndHandle(ServletInvocableHandlerMethod.java:118) ~[spring-webmvc-6.1.5.jar:6.1.5]
	at org.springframework.web.servlet.mvc.method.annotation.RequestMappingHandlerAdapter.invokeHandlerMethod(RequestMappingHandlerAdapter.java:925) ~[spring-webmvc-6.1.5.jar:6.1.5]
	at org.springframework.web.servlet.mvc.method.annotation.RequestMappingHandlerAdapter.handleInternal(RequestMappingHandlerAdapter.java:830) ~[spring-webmvc-6.1.5.jar:6.1.5]
	at org.springframework.web.servlet.mvc.method.AbstractHandlerMethodAdapter.handle(AbstractHandlerMethodAdapter.java:87) ~[spring-webmvc-6.1.5.jar:6.1.5]
	at org.springframework.web.servlet.DispatcherServlet.doDispatch(DispatcherServlet.java:1089) ~[spring-webmvc-6.1.5.jar:6.1.5]
	at org.springframework.web.servlet.DispatcherServlet.doService(DispatcherServlet.java:979) ~[spring-webmvc-6.1.5.jar:6.1.5]
	at org.springframework.web.servlet.FrameworkServlet.processRequest(FrameworkServlet.java:1014) ~[spring-webmvc-6.1.5.jar:6.1.5]
	at org.springframework.web.servlet.FrameworkServlet.doPost(FrameworkServlet.java:914) ~[spring-webmvc-6.1.5.jar:6.1.5]
	at jakarta.servlet.http.HttpServlet.service(HttpServlet.java:590) ~[tomcat-embed-core-10.1.19.jar:6.0]
	at org.springframework.web.servlet.FrameworkServlet.service(FrameworkServlet.java:885) ~[spring-webmvc-6.1.5.jar:6.1.5]
	at org.springframework.test.web.servlet.TestDispatcherServlet.service(TestDispatcherServlet.java:72) ~[spring-test-6.1.5.jar:6.1.5]
	at jakarta.servlet.http.HttpServlet.service(HttpServlet.java:658) ~[tomcat-embed-core-10.1.19.jar:6.0]
	at org.springframework.mock.web.MockFilterChain$ServletFilterProxy.doFilter(MockFilterChain.java:165) ~[spring-test-6.1.5.jar:6.1.5]
	at org.springframework.mock.web.MockFilterChain.doFilter(MockFilterChain.java:132) ~[spring-test-6.1.5.jar:6.1.5]
	at org.springframework.test.web.servlet.MockMvc.perform(MockMvc.java:201) ~[spring-test-6.1.5.jar:6.1.5]
	at com.community.controller.BoardControllerTest.createDuplicateCompanies(BoardControllerTest.java:157) ~[test/:na]
	at java.base/jdk.internal.reflect.DirectMethodHandleAccessor.invoke(DirectMethodHandleAccessor.java:103) ~[na:na]
	at java.base/java.lang.reflect.Method.invoke(Method.java:580) ~[na:na]
	at org.junit.platform.commons.util.ReflectionUtils.invokeMethod(ReflectionUtils.java:728) ~[junit-platform-commons-1.10.2.jar:1.10.2]
	at org.junit.jupiter.engine.execution.MethodInvocation.proceed(MethodInvocation.java:60) ~[junit-jupiter-engine-5.10.2.jar:5.10.2]
	at org.junit.jupiter.engine.execution.InvocationInterceptorChain$ValidatingInvocation.proceed(InvocationInterceptorChain.java:131) ~[junit-jupiter-engine-5.10.2.jar:5.10.2]
	at org.junit.jupiter.engine.extension.TimeoutExtension.intercept(TimeoutExtension.java:156) ~[junit-jupiter-engine-5.10.2.jar:5.10.2]
	at org.junit.jupiter.engine.extension.TimeoutExtension.interceptTestableMethod(TimeoutExtension.java:147) ~[junit-jupiter-engine-5.10.2.jar:5.10.2]
	at org.junit.jupiter.engine.extension.TimeoutExtension.interceptTestMethod(TimeoutExtension.java:86) ~[junit-jupiter-engine-5.10.2.jar:5.10.2]
	at org.junit.jupiter.engine.execution.InterceptingExecutableInvoker$ReflectiveInterceptorCall.lambda$ofVoidMethod$0(InterceptingExecutableInvoker.java:103) ~[junit-jupiter-engine-5.10.2.jar:5.10.2]
	at org.junit.jupiter.engine.execution.InterceptingExecutableInvoker.lambda$invoke$0(InterceptingExecutableInvoker.java:93) ~[junit-jupiter-engine-5.10.2.jar:5.10.2]
	at org.junit.jupiter.engine.execution.InvocationInterceptorChain$InterceptedInvocation.proceed(InvocationInterceptorChain.java:106) ~[junit-jupiter-engine-5.10.2.jar:5.10.2]
	at org.junit.jupiter.engine.execution.InvocationInterceptorChain.proceed(InvocationInterceptorChain.java:64) ~[junit-jupiter-engine-5.10.2.jar:5.10.2]
	at org.junit.jupiter.engine.execution.InvocationInterceptorChain.chainAndInvoke(InvocationInterceptorChain.java:45) ~[junit-jupiter-engine-5.10.2.jar:5.10.2]
	at org.junit.jupiter.engine.execution.InvocationInterceptorChain.invoke(InvocationInterceptorChain.java:37) ~[junit-jupiter-engine-5.10.2.jar:5.10.2]
	at org.junit.jupiter.engine.execution.InterceptingExecutableInvoker.invoke(InterceptingExecutableInvoker.java:92) ~[junit-jupiter-engine-5.10.2.jar:5.10.2]
	at org.junit.jupiter.engine.execution.InterceptingExecutableInvoker.invoke(InterceptingExecutableInvoker.java:86) ~[junit-jupiter-engine-5.10.2.jar:5.10.2]
	at org.junit.jupiter.engine.descriptor.TestMethodTestDescriptor.lambda$invokeTestMethod$7(TestMethodTestDescriptor.java:218) ~[junit-jupiter-engine-5.10.2.jar:5.10.2]
	at org.junit.platform.engine.support.hierarchical.ThrowableCollector.execute(ThrowableCollector.java:73) ~[junit-platform-engine-1.10.2.jar:1.10.2]
	at org.junit.jupiter.engine.descriptor.TestMethodTestDescriptor.invokeTestMethod(TestMethodTestDescriptor.java:214) ~[junit-jupiter-engine-5.10.2.jar:5.10.2]
	at org.junit.jupiter.engine.descriptor.TestMethodTestDescriptor.execute(TestMethodTestDescriptor.java:139) ~[junit-jupiter-engine-5.10.2.jar:5.10.2]
	at org.junit.jupiter.engine.descriptor.TestMethodTestDescriptor.execute(TestMethodTestDescriptor.java:69) ~[junit-jupiter-engine-5.10.2.jar:5.10.2]
	at org.junit.platform.engine.support.hierarchical.NodeTestTask.lambda$executeRecursively$6(NodeTestTask.java:151) ~[junit-platform-engine-1.10.2.jar:1.10.2]
	at org.junit.platform.engine.support.hierarchical.ThrowableCollector.execute(ThrowableCollector.java:73) ~[junit-platform-engine-1.10.2.jar:1.10.2]
	at org.junit.platform.engine.support.hierarchical.NodeTestTask.lambda$executeRecursively$8(NodeTestTask.java:141) ~[junit-platform-engine-1.10.2.jar:1.10.2]
	at org.junit.platform.engine.support.hierarchical.Node.around(Node.java:137) ~[junit-platform-engine-1.10.2.jar:1.10.2]
	at org.junit.platform.engine.support.hierarchical.NodeTestTask.lambda$executeRecursively$9(NodeTestTask.java:139) ~[junit-platform-engine-1.10.2.jar:1.10.2]
	at org.junit.platform.engine.support.hierarchical.ThrowableCollector.execute(ThrowableCollector.java:73) ~[junit-platform-engine-1.10.2.jar:1.10.2]
	at org.junit.platform.engine.support.hierarchical.NodeTestTask.executeRecursively(NodeTestTask.java:138) ~[junit-platform-engine-1.10.2.jar:1.10.2]
	at org.junit.platform.engine.support.hierarchical.NodeTestTask.execute(NodeTestTask.java:95) ~[junit-platform-engine-1.10.2.jar:1.10.2]
	at java.base/java.util.ArrayList.forEach(ArrayList.java:1596) ~[na:na]
	at org.junit.platform.engine.support.hierarchical.SameThreadHierarchicalTestExecutorService.invokeAll(SameThreadHierarchicalTestExecutorService.java:41) ~[junit-platform-engine-1.10.2.jar:1.10.2]
	at org.junit.platform.engine.support.hierarchical.NodeTestTask.lambda$executeRecursively$6(NodeTestTask.java:155) ~[junit-platform-engine-1.10.2.jar:1.10.2]
	at org.junit.platform.engine.support.hierarchical.ThrowableCollector.execute(ThrowableCollector.java:73) ~[junit-platform-engine-1.10.2.jar:1.10.2]
	at org.junit.platform.engine.support.hierarchical.NodeTestTask.lambda$executeRecursively$8(NodeTestTask.java:141) ~[junit-platform-engine-1.10.2.jar:1.10.2]
	at org.junit.platform.engine.support.hierarchical.Node.around(Node.java:137) ~[junit-platform-engine-1.10.2.jar:1.10.2]
	at org.junit.platform.engine.support.hierarchical.NodeTestTask.lambda$executeRecursively$9(NodeTestTask.java:139) ~[junit-platform-engine-1.10.2.jar:1.10.2]
	at org.junit.platform.engine.support.hierarchical.ThrowableCollector.execute(ThrowableCollector.java:73) ~[junit-platform-engine-1.10.2.jar:1.10.2]
	at org.junit.platform.engine.support.hierarchical.NodeTestTask.executeRecursively(NodeTestTask.java:138) ~[junit-platform-engine-1.10.2.jar:1.10.2]
	at org.junit.platform.engine.support.hierarchical.NodeTestTask.execute(NodeTestTask.java:95) ~[junit-platform-engine-1.10.2.jar:1.10.2]
	at java.base/java.util.ArrayList.forEach(ArrayList.java:1596) ~[na:na]
	at org.junit.platform.engine.support.hierarchical.SameThreadHierarchicalTestExecutorService.invokeAll(SameThreadHierarchicalTestExecutorService.java:41) ~[junit-platform-engine-1.10.2.jar:1.10.2]
	at org.junit.platform.engine.support.hierarchical.NodeTestTask.lambda$executeRecursively$6(NodeTestTask.java:155) ~[junit-platform-engine-1.10.2.jar:1.10.2]
	at org.junit.platform.engine.support.hierarchical.ThrowableCollector.execute(ThrowableCollector.java:73) ~[junit-platform-engine-1.10.2.jar:1.10.2]
	at org.junit.platform.engine.support.hierarchical.NodeTestTask.lambda$executeRecursively$8(NodeTestTask.java:141) ~[junit-platform-engine-1.10.2.jar:1.10.2]
	at org.junit.platform.engine.support.hierarchical.Node.around(Node.java:137) ~[junit-platform-engine-1.10.2.jar:1.10.2]
	at org.junit.platform.engine.support.hierarchical.NodeTestTask.lambda$executeRecursively$9(NodeTestTask.java:139) ~[junit-platform-engine-1.10.2.jar:1.10.2]
	at org.junit.platform.engine.support.hierarchical.ThrowableCollector.execute(ThrowableCollector.java:73) ~[junit-platform-engine-1.10.2.jar:1.10.2]
	at org.junit.platform.engine.support.hierarchical.NodeTestTask.executeRecursively(NodeTestTask.java:138) ~[junit-platform-engine-1.10.2.jar:1.10.2]
	at org.junit.platform.engine.support.hierarchical.NodeTestTask.execute(NodeTestTask.java:95) ~[junit-platform-engine-1.10.2.jar:1.10.2]
	at org.junit.platform.engine.support.hierarchical.SameThreadHierarchicalTestExecutorService.submit(SameThreadHierarchicalTestExecutorService.java:35) ~[junit-platform-engine-1.10.2.jar:1.10.2]
	at org.junit.platform.engine.support.hierarchical.HierarchicalTestExecutor.execute(HierarchicalTestExecutor.java:57) ~[junit-platform-engine-1.10.2.jar:1.10.2]
	at org.junit.platform.engine.support.hierarchical.HierarchicalTestEngine.execute(HierarchicalTestEngine.java:54) ~[junit-platform-engine-1.10.2.jar:1.10.2]
	at org.junit.platform.launcher.core.EngineExecutionOrchestrator.execute(EngineExecutionOrchestrator.java:107) ~[junit-platform-launcher-1.8.2.jar:1.8.2]
	at org.junit.platform.launcher.core.EngineExecutionOrchestrator.execute(EngineExecutionOrchestrator.java:88) ~[junit-platform-launcher-1.8.2.jar:1.8.2]
	at org.junit.platform.launcher.core.EngineExecutionOrchestrator.lambda$execute$0(EngineExecutionOrchestrator.java:54) ~[junit-platform-launcher-1.8.2.jar:1.8.2]
	at org.junit.platform.launcher.core.EngineExecutionOrchestrator.withInterceptedStreams(EngineExecutionOrchestrator.java:67) ~[junit-platform-launcher-1.8.2.jar:1.8.2]
	at org.junit.platform.launcher.core.EngineExecutionOrchestrator.execute(EngineExecutionOrchestrator.java:52) ~[junit-platform-launcher-1.8.2.jar:1.8.2]
	at org.junit.platform.launcher.core.DefaultLauncher.execute(DefaultLauncher.java:114) ~[junit-platform-launcher-1.8.2.jar:1.8.2]
	at org.junit.platform.launcher.core.DefaultLauncher.execute(DefaultLauncher.java:86) ~[junit-platform-launcher-1.8.2.jar:1.8.2]
	at org.junit.platform.launcher.core.DefaultLauncherSession$DelegatingLauncher.execute(DefaultLauncherSession.java:86) ~[junit-platform-launcher-1.8.2.jar:1.8.2]
	at org.gradle.api.internal.tasks.testing.junitplatform.JUnitPlatformTestClassProcessor$CollectAllTestClassesExecutor.processAllTestClasses(JUnitPlatformTestClassProcessor.java:119) ~[na:na]
	at org.gradle.api.internal.tasks.testing.junitplatform.JUnitPlatformTestClassProcessor$CollectAllTestClassesExecutor.access$000(JUnitPlatformTestClassProcessor.java:94) ~[na:na]
	at org.gradle.api.internal.tasks.testing.junitplatform.JUnitPlatformTestClassProcessor.stop(JUnitPlatformTestClassProcessor.java:89) ~[na:na]
	at org.gradle.api.internal.tasks.testing.SuiteTestClassProcessor.stop(SuiteTestClassProcessor.java:62) ~[na:na]
	at java.base/jdk.internal.reflect.DirectMethodHandleAccessor.invoke(DirectMethodHandleAccessor.java:103) ~[na:na]
	at java.base/java.lang.reflect.Method.invoke(Method.java:580) ~[na:na]
	at org.gradle.internal.dispatch.ReflectionDispatch.dispatch(ReflectionDispatch.java:36) ~[na:na]
	at org.gradle.internal.dispatch.ReflectionDispatch.dispatch(ReflectionDispatch.java:24) ~[na:na]
	at org.gradle.internal.dispatch.ContextClassLoaderDispatch.dispatch(ContextClassLoaderDispatch.java:33) ~[na:na]
	at org.gradle.internal.dispatch.ProxyDispatchAdapter$DispatchingInvocationHandler.invoke(ProxyDispatchAdapter.java:94) ~[na:na]
	at jdk.proxy1/jdk.proxy1.$Proxy2.stop(Unknown Source) ~[na:na]
	at org.gradle.api.internal.tasks.testing.worker.TestWorker$3.run(TestWorker.java:193) ~[na:na]
	at org.gradle.api.internal.tasks.testing.worker.TestWorker.executeAndMaintainThreadName(TestWorker.java:129) ~[na:na]
	at org.gradle.api.internal.tasks.testing.worker.TestWorker.execute(TestWorker.java:100) ~[na:na]
	at org.gradle.api.internal.tasks.testing.worker.TestWorker.execute(TestWorker.java:60) ~[na:na]
	at org.gradle.process.internal.worker.child.ActionExecutionWorker.execute(ActionExecutionWorker.java:56) ~[na:na]
	at org.gradle.process.internal.worker.child.SystemApplicationClassLoaderWorker.call(SystemApplicationClassLoaderWorker.java:113) ~[na:na]
	at org.gradle.process.internal.worker.child.SystemApplicationClassLoaderWorker.call(SystemApplicationClassLoaderWorker.java:65) ~[na:na]
	at worker.org.gradle.process.internal.worker.GradleWorkerMain.run(GradleWorkerMain.java:69) ~[gradle-worker.jar:na]
	at worker.org.gradle.process.internal.worker.GradleWorkerMain.main(GradleWorkerMain.java:74) ~[gradle-worker.jar:na]

]]></system-out>
  <system-err><![CDATA[WARNING: A Java agent has been loaded dynamically (/Users/itaehui/.gradle/caches/modules-2/files-2.1/net.bytebuddy/byte-buddy-agent/1.14.12/be4984cb6fd1ef1d11f218a648889dfda44b8a15/byte-buddy-agent-1.14.12.jar)
WARNING: If a serviceability tool is in use, please run with -XX:+EnableDynamicAgentLoading to hide this warning
WARNING: If a serviceability tool is not in use, please run with -Djdk.instrument.traceUsage for more information
WARNING: Dynamic loading of agents will be disallowed by default in a future release
]]></system-err>
</testsuite>
